TN:
SF:/Users/liuyongshun/Documents/myself/git/publicNpm/src/dealPhone.js
FN:12,dealPhone
FN:15,strRepeat
FNF:2
FNH:0
FNDA:0,dealPhone
FNDA:0,strRepeat
DA:14,0
DA:16,0
DA:17,0
DA:18,0
DA:20,0
DA:22,0
DA:23,0
DA:24,0
DA:25,0
DA:26,0
DA:28,0
DA:29,0
DA:30,0
DA:31,0
DA:33,0
DA:34,0
DA:35,0
DA:36,0
DA:37,0
DA:41,0
DA:44,0
LF:21
LH:0
BRDA:23,0,0,0
BRDA:23,0,1,0
BRDA:24,1,0,0
BRDA:24,1,1,0
BRDA:24,2,0,0
BRDA:24,2,1,0
BRDA:28,3,0,0
BRDA:28,3,1,0
BRDA:28,4,0,0
BRDA:28,4,1,0
BRDA:33,5,0,0
BRDA:33,5,1,0
BRDA:35,6,0,0
BRDA:35,6,1,0
BRDA:35,7,0,0
BRDA:35,7,1,0
BRF:16
BRH:0
end_of_record
TN:
SF:/Users/liuyongshun/Documents/myself/git/publicNpm/src/dealSort.js
FN:6,dealSort
FN:9,(anonymous_1)
FN:13,(anonymous_2)
FN:17,(anonymous_3)
FNF:4
FNH:2
FNDA:2,dealSort
FNDA:6,(anonymous_1)
FNDA:0,(anonymous_2)
FNDA:0,(anonymous_3)
DA:7,2
DA:8,2
DA:10,6
DA:11,3
DA:14,0
DA:15,0
DA:18,0
DA:19,0
DA:22,2
DA:23,1
DA:25,1
DA:28,0
LF:12
LH:7
BRDA:10,0,0,3
BRDA:10,0,1,3
BRDA:14,1,0,0
BRDA:14,1,1,0
BRDA:18,2,0,0
BRDA:18,2,1,0
BRDA:19,3,0,0
BRDA:19,3,1,0
BRDA:22,4,0,1
BRDA:22,4,1,1
BRF:10
BRH:4
end_of_record
TN:
SF:/Users/liuyongshun/Documents/myself/git/publicNpm/src/formChecked.js
FN:7,formChecked
FNF:1
FNH:1
FNDA:2,formChecked
DA:8,2
DA:10,1
DA:12,1
DA:14,0
DA:16,0
DA:18,0
DA:20,0
DA:22,0
DA:24,0
LF:9
LH:3
BRDA:8,0,0,1
BRDA:8,0,1,1
BRDA:8,0,2,0
BRDA:8,0,3,0
BRDA:8,0,4,0
BRDA:8,0,5,0
BRDA:8,0,6,0
BRDA:8,0,7,0
BRF:8
BRH:2
end_of_record
TN:
SF:/Users/liuyongshun/Documents/myself/git/publicNpm/src/getUrlParam.js
FN:1,getUrlParam
FNF:1
FNH:0
FNDA:0,getUrlParam
DA:2,0
LF:1
LH:0
BRF:0
BRH:0
end_of_record
TN:
SF:/Users/liuyongshun/Documents/myself/git/publicNpm/src/index.js
FNF:0
FNH:0
LF:0
LH:0
BRF:0
BRH:0
end_of_record
TN:
SF:/Users/liuyongshun/Documents/myself/git/publicNpm/src/minMaxVal.js
FN:10,minMaxVal
FN:24,(anonymous_1)
FNF:2
FNH:1
FNDA:2,minMaxVal
FNDA:0,(anonymous_1)
DA:11,2
DA:15,2
DA:16,2
DA:17,1
DA:19,1
DA:21,2
DA:22,2
DA:23,0
DA:24,0
DA:25,0
DA:26,0
DA:30,2
DA:32,0
LF:13
LH:8
BRDA:16,0,0,1
BRDA:16,0,1,1
BRDA:22,1,0,0
BRDA:22,1,1,2
BRDA:25,2,0,0
BRDA:25,2,1,0
BRF:6
BRH:3
end_of_record
TN:
SF:/Users/liuyongshun/Documents/myself/git/publicNpm/src/pwdRange.js
FN:10,pwdRange
FN:18,(anonymous_1)
FN:27,(anonymous_2)
FN:36,(anonymous_3)
FN:45,(anonymous_4)
FN:54,(anonymous_5)
FNF:6
FNH:3
FNDA:2,pwdRange
FNDA:2,(anonymous_1)
FNDA:0,(anonymous_2)
FNDA:0,(anonymous_3)
FNDA:2,(anonymous_4)
FNDA:0,(anonymous_5)
DA:11,2
DA:12,2
DA:16,2
DA:17,2
DA:19,2
DA:20,0
DA:21,0
DA:22,0
DA:24,2
DA:25,2
DA:28,0
DA:29,0
DA:30,0
DA:31,0
DA:33,0
DA:34,0
DA:37,0
DA:38,0
DA:39,0
DA:40,0
DA:42,0
DA:43,0
DA:46,2
DA:47,2
DA:48,2
DA:49,2
DA:51,0
DA:52,0
DA:55,0
DA:56,0
DA:57,0
DA:58,0
DA:60,0
DA:61,0
DA:64,2
DA:65,2
DA:67,0
LF:37
LH:13
BRDA:10,0,0,2
BRDA:19,1,0,0
BRDA:19,1,1,2
BRDA:25,2,0,2
BRDA:25,2,1,2
BRDA:28,3,0,0
BRDA:28,3,1,0
BRDA:34,4,0,0
BRDA:34,4,1,0
BRDA:37,5,0,0
BRDA:37,5,1,0
BRDA:43,6,0,0
BRDA:43,6,1,0
BRDA:46,7,0,2
BRDA:46,7,1,0
BRDA:52,8,0,0
BRDA:52,8,1,0
BRDA:55,9,0,0
BRDA:55,9,1,0
BRDA:61,10,0,0
BRDA:61,10,1,0
BRF:21
BRH:5
end_of_record
TN:
SF:/Users/liuyongshun/Documents/myself/git/publicNpm/src/randomNum.js
FN:7,randomNum
FNF:1
FNH:1
FNDA:3,randomNum
DA:8,3
DA:9,2
DA:11,1
DA:12,1
LF:4
LH:4
BRDA:8,0,0,2
BRDA:8,0,1,1
BRDA:11,1,0,1
BRDA:11,1,1,0
BRF:4
BRH:3
end_of_record
TN:
SF:/Users/liuyongshun/Documents/myself/git/publicNpm/src/rmDuplicates.js
FN:9,rmDuplicates
FN:14,(anonymous_1)
FNF:2
FNH:1
FNDA:3,rmDuplicates
FNDA:0,(anonymous_1)
DA:10,3
DA:11,3
DA:12,3
DA:13,3
DA:14,0
DA:15,0
DA:16,0
DA:17,0
DA:21,3
DA:23,3
DA:25,0
LF:11
LH:6
BRDA:13,0,0,0
BRDA:13,0,1,3
BRDA:15,1,0,0
BRDA:15,1,1,0
BRF:4
BRH:1
end_of_record
TN:
SF:/Users/liuyongshun/Documents/myself/git/publicNpm/src/toggleCase.js
FN:9,toggleCase
FN:17,(anonymous_1)
FNF:2
FNH:2
FNDA:6,toggleCase
FNDA:12,(anonymous_1)
DA:10,6
DA:14,6
DA:15,6
DA:16,6
DA:17,6
DA:18,12
DA:21,0
DA:22,0
DA:25,0
LF:9
LH:6
BRDA:16,0,0,6
BRDA:16,0,1,0
BRF:2
BRH:1
end_of_record
TN:
SF:/Users/liuyongshun/Documents/myself/git/publicNpm/src/trimSpace.js
FN:10,trimSpace
FNF:1
FNH:1
FNDA:3,trimSpace
DA:11,3
DA:12,3
DA:13,3
DA:15,1
DA:17,1
DA:19,1
DA:21,0
DA:24,0
DA:27,0
LF:9
LH:6
BRDA:12,0,0,3
BRDA:12,0,1,0
BRDA:13,1,0,1
BRDA:13,1,1,1
BRDA:13,1,2,1
BRDA:13,1,3,0
BRF:6
BRH:4
end_of_record
